\BOOKMARK [0][-]{chapter.1}{\376\377\004\034\004\075\004\076\004\063\004\076\004\074\004\065\004\100\004\075\004\113\004\071\000\040\004\060\004\075\004\060\004\073\004\070\004\067}{}% 1
\BOOKMARK [1][-]{section.1.1}{\376\377\004\041\004\062\004\065\004\064\004\065\004\075\004\070\004\117\000\040\004\070\004\067\000\040\004\073\004\070\004\075\004\065\004\071\004\075\004\076\004\071\000\040\004\060\004\073\004\063\004\065\004\061\004\100\004\113}{chapter.1}% 2
\BOOKMARK [1][-]{section.1.2}{\376\377\004\024\004\070\004\104\004\104\004\065\004\100\004\065\004\075\004\106\004\070\004\100\004\103\004\065\004\074\004\076\004\101\004\102\004\114\000\040\004\070\000\040\004\064\004\070\004\104\004\104\004\065\004\100\004\065\004\075\004\106\004\070\004\060\004\073\000\040\004\076\004\102\004\076\004\061\004\100\004\060\004\066\004\065\004\075\004\070\004\071}{chapter.1}% 3
\BOOKMARK [1][-]{section.1.3}{\376\377\004\042\004\065\004\076\004\100\004\065\004\074\004\113\000\040\004\033\004\060\004\063\004\100\004\060\004\075\004\066\004\060\000\040\004\064\004\073\004\117\000\040\004\076\004\102\004\076\004\061\004\100\004\060\004\066\004\065\004\075\004\070\004\071}{chapter.1}% 4
\BOOKMARK [1][-]{section.1.4}{\376\377\004\044\004\076\004\100\004\074\004\103\004\073\004\060\000\040\004\042\004\065\004\071\004\073\004\076\004\100\004\060}{chapter.1}% 5
\BOOKMARK [1][-]{section.1.5}{\376\377\004\024\004\070\004\104\004\104\004\065\004\076\004\074\004\076\004\100\004\104\004\070\004\067\004\074\004\113}{chapter.1}% 6
\BOOKMARK [1][-]{section.1.6}{\376\377\004\036\004\102\004\075\004\076\004\101\004\070\004\102\004\065\004\073\004\114\004\075\004\113\004\071\000\040\004\115\004\072\004\101\004\102\004\100\004\065\004\074\004\103\004\074}{chapter.1}% 7
\BOOKMARK [0][-]{chapter.2}{\376\377\004\044\004\103\004\075\004\072\004\106\004\070\004\076\004\075\004\060\004\073\004\114\004\075\004\113\004\065\000\040\004\077\004\076\004\101\004\073\004\065\004\064\004\076\004\062\004\060\004\102\004\065\004\073\004\114\004\075\004\076\004\101\004\102\004\070\000\040\004\070\000\040\004\100\004\117\004\064\004\113}{}% 8
\BOOKMARK [1][-]{section.2.1}{\376\377\004\041\004\105\004\076\004\064\004\070\004\074\004\076\004\101\004\102\004\114\000\040\004\104\004\103\004\072\004\075\004\106\004\070\004\076\004\075\004\060\004\073\004\114\004\075\004\113\004\105\000\040\004\077\004\076\004\101\004\073\004\065\004\064\004\076\004\062\004\060\004\102\004\065\004\073\004\114\004\075\004\076\004\101\004\102\004\065\004\071}{chapter.2}% 9
\BOOKMARK [1][-]{section.2.2}{\376\377\004\041\004\105\004\076\004\064\004\070\004\074\004\076\004\101\004\102\004\114\000\040\004\104\004\103\004\075\004\072\004\106\004\070\004\076\004\075\004\060\004\073\004\114\004\075\004\113\004\105\000\040\004\100\004\117\004\064\004\076\004\062}{chapter.2}% 10
\BOOKMARK [1][-]{section.2.3}{\376\377\004\041\004\102\004\065\004\077\004\065\004\075\004\075\004\113\004\065\000\040\004\100\004\117\004\064\004\113}{chapter.2}% 11
\BOOKMARK [1][-]{section.2.4}{\376\377\004\040\004\117\004\064\004\113\000\040\004\102\004\065\004\071\004\073\004\076\004\100\004\060}{chapter.2}% 12
\BOOKMARK [1][-]{section.2.5}{\376\377\004\041\004\103\004\074\004\074\004\070\004\100\004\076\004\062\004\060\004\075\004\070\004\065\000\040\004\077\004\076\000\040\004\047\004\065\004\067\004\060\004\100\004\076}{chapter.2}% 13
\BOOKMARK [0][-]{chapter.3}{\376\377\004\032\004\100\004\070\004\062\004\076\004\073\004\070\004\075\004\065\004\071\004\075\004\113\004\065\000\040\004\070\004\075\004\102\004\065\004\063\004\100\004\060\004\073\004\113}{}% 14
\BOOKMARK [1][-]{section.3.1}{\376\377\004\030\004\075\004\102\004\065\004\063\004\100\004\060\004\073\000\040\004\077\004\076\000\040\004\072\004\103\004\101\004\076\004\107\004\075\004\076\000-\004\063\004\073\004\060\004\064\004\072\004\076\004\074\004\103\000\040\004\077\004\103\004\102\004\070}{chapter.3}% 15
\BOOKMARK [1][-]{section.3.2}{\376\377\004\037\004\076\004\102\004\065\004\075\004\106\004\070\004\060\004\073\004\114\004\075\004\113\004\065\000\040\004\062\004\065\004\072\004\102\004\076\004\100\004\075\004\113\004\065\000\040\004\077\004\076\004\073\004\117}{chapter.3}% 16
\BOOKMARK [1][-]{section.3.3}{\376\377\004\033\004\076\004\072\004\060\004\073\004\114\004\075\004\076\000\040\004\077\004\076\004\102\004\065\004\075\004\106\004\070\004\060\004\073\004\114\004\075\004\113\004\065\000\040\004\062\004\065\004\072\004\102\004\076\004\100\004\075\004\113\004\065\000\040\004\077\004\076\004\073\004\117}{chapter.3}% 17
\BOOKMARK [1][-]{section.3.4}{\376\377\004\030\004\075\004\102\004\065\004\063\004\100\004\060\004\073\000\040\004\073\004\076\004\072\004\060\004\073\004\114\004\075\004\076\000\040\004\077\004\076\004\102\004\065\004\075\004\106\004\070\004\060\004\073\004\114\004\075\004\076\004\063\004\076\000\040\004\077\004\076\004\073\004\117\000\040\004\077\004\076\000\040\004\075\004\065\004\077\004\100\004\065\004\100\004\113\004\062\004\075\004\076\004\074\004\103\000\040\004\077\004\103\004\102\004\070}{chapter.3}% 18
\BOOKMARK [1][-]{section.3.5}{\376\377\004\023\004\076\004\074\004\076\004\102\004\076\004\077\004\070\004\117}{chapter.3}% 19
\BOOKMARK [0][-]{chapter.4}{\376\377\004\042\004\065\004\076\004\100\004\070\004\117\000\040\004\074\004\065\004\100\004\113}{}% 20
\BOOKMARK [1][-]{section.4.1}{\376\377\004\041\004\070\004\101\004\102\004\065\004\074\004\113\000\040\004\074\004\075\004\076\004\066\004\065\004\101\004\102\004\062}{chapter.4}% 21
\BOOKMARK [1][-]{section.4.2}{\376\377\004\036\004\061\004\112\004\121\004\074}{chapter.4}% 22
\BOOKMARK [1][-]{section.4.3}{\376\377\004\034\004\065\004\100\004\060}{chapter.4}% 23
\BOOKMARK [1][-]{section.4.4}{\376\377\004\036\000\040\004\101\004\102\004\060\004\075\004\064\004\060\004\100\004\102\004\075\004\076\004\074\000\040\004\077\004\100\004\076\004\064\004\076\004\073\004\066\004\065\004\075\004\070\004\070\000\040\004\074\004\065\004\100\004\113}{chapter.4}% 24
\BOOKMARK [1][-]{section.4.5}{\376\377\004\034\004\065\004\100\004\060\000\040\004\033\004\065\004\061\004\065\004\063\004\060}{chapter.4}% 25
\BOOKMARK [0][-]{chapter.5}{\376\377\004\030\004\075\004\102\004\065\004\063\004\100\004\060\004\073}{}% 26
\BOOKMARK [1][-]{section.5.1}{\376\377\004\030\004\067\004\074\004\065\004\100\004\070\004\074\004\113\004\065\000\040\004\104\004\103\004\075\004\072\004\106\004\070\004\070}{chapter.5}% 27
\BOOKMARK [1][-]{section.5.2}{\376\377\004\041\004\105\004\076\004\064\004\070\004\074\004\076\004\101\004\102\004\114\000\040\004\077\004\076\000\040\004\074\004\065\004\100\004\065}{chapter.5}% 28
