This is pdfTeX, Version 3.14159265-2.6-1.40.20 (TeX Live 2019/Debian) (preloaded format=pdflatex 2019.11.24)  24 NOV 2019 14:04
entering extended mode
 restricted \write18 enabled.
 file:line:error style messages enabled.
 %&-line parsing enabled.
**section_7.tex
(./section_7.tex
LaTeX2e <2018-12-01>
./section_7.tex:1: Undefined control sequence.
l.1 \section
            {–°—Ç–µ–ø–µ–Ω–Ω—ã–µ —Ä—è–¥—ã}
The control sequence at the end of the top line
of your error message was never \def'ed. If you have
misspelled it (e.g., `\hobx'), type `I' and the correct
spelling (e.g., `I\hbox'). Otherwise just continue,
and I'll forget about whatever was undefined.


./section_7.tex:1: Package inputenc Error: Unicode character –° (U+0421)
(inputenc)                not set up for use with LaTeX.

See the inputenc package documentation for explanation.
Type  H <return>  for immediate help.
 ...                                              
                                                  
l.1 \section{–°
               —Ç–µ–ø–µ–Ω–Ω—ã–µ —Ä—è–¥—ã}
You may provide a definition with
\DeclareUnicodeCharacter 


./section_7.tex:1: Package inputenc Error: Unicode character —Ç (U+0442)
(inputenc)                not set up for use with LaTeX.

See the inputenc package documentation for explanation.
Type  H <return>  for immediate help.
 ...                                              
                                                  
l.1 \section{–°—Ç
                 –µ–ø–µ–Ω–Ω—ã–µ —Ä—è–¥—ã}
You may provide a definition with
\DeclareUnicodeCharacter 


./section_7.tex:1: Package inputenc Error: Unicode character –µ (U+0435)
(inputenc)                not set up for use with LaTeX.

See the inputenc package documentation for explanation.
Type  H <return>  for immediate help.
 ...                                              
                                                  
l.1 \section{–°—Ç–µ
                   –ø–µ–Ω–Ω—ã–µ —Ä—è–¥—ã}
You may provide a definition with
\DeclareUnicodeCharacter 


./section_7.tex:1: Package inputenc Error: Unicode character –ø (U+043F)
(inputenc)                not set up for use with LaTeX.

See the inputenc package documentation for explanation.
Type  H <return>  for immediate help.
 ...                                              
                                                  
l.1 \section{–°—Ç–µ–ø
                     –µ–Ω–Ω—ã–µ —Ä—è–¥—ã}
You may provide a definition with
\DeclareUnicodeCharacter 


./section_7.tex:1: Package inputenc Error: Unicode character –µ (U+0435)
(inputenc)                not set up for use with LaTeX.

See the inputenc package documentation for explanation.
Type  H <return>  for immediate help.
 ...                                              
                                                  
l.1 \section{–°—Ç–µ–ø–µ
                       –Ω–Ω—ã–µ —Ä—è–¥—ã}
You may provide a definition with
\DeclareUnicodeCharacter 


./section_7.tex:1: Package inputenc Error: Unicode character –Ω (U+043D)
(inputenc)                not set up for use with LaTeX.

See the inputenc package documentation for explanation.
Type  H <return>  for immediate help.
 ...                                              
                                                  
l.1 \section{–°—Ç–µ–ø–µ–Ω
                         –Ω—ã–µ —Ä—è–¥—ã}
You may provide a definition with
\DeclareUnicodeCharacter 


./section_7.tex:1: Package inputenc Error: Unicode character –Ω (U+043D)
(inputenc)                not set up for use with LaTeX.

See the inputenc package documentation for explanation.
Type  H <return>  for immediate help.
 ...                                              
                                                  
l.1 \section{–°—Ç–µ–ø–µ–Ω–Ω
                           —ã–µ —Ä—è–¥—ã}
You may provide a definition with
\DeclareUnicodeCharacter 


./section_7.tex:1: Package inputenc Error: Unicode character —ã (U+044B)
(inputenc)                not set up for use with LaTeX.

See the inputenc package documentation for explanation.
Type  H <return>  for immediate help.
 ...                                              
                                                  
l.1 \section{–°—Ç–µ–ø–µ–Ω–Ω—ã
                             –µ —Ä—è–¥—ã}
You may provide a definition with
\DeclareUnicodeCharacter 


./section_7.tex:1: Package inputenc Error: Unicode character –µ (U+0435)
(inputenc)                not set up for use with LaTeX.

See the inputenc package documentation for explanation.
Type  H <return>  for immediate help.
 ...                                              
                                                  
l.1 \section{–°—Ç–µ–ø–µ–Ω–Ω—ã–µ
                                —Ä—è–¥—ã}
You may provide a definition with
\DeclareUnicodeCharacter 


./section_7.tex:1: Package inputenc Error: Unicode character —Ä (U+0440)
(inputenc)                not set up for use with LaTeX.

See the inputenc package documentation for explanation.
Type  H <return>  for immediate help.
 ...                                              
                                                  
l.1 \section{–°—Ç–µ–ø–µ–Ω–Ω—ã–µ —Ä
                                  —è–¥—ã}
You may provide a definition with
\DeclareUnicodeCharacter 


./section_7.tex:1: Package inputenc Error: Unicode character —è (U+044F)
(inputenc)                not set up for use with LaTeX.

See the inputenc package documentation for explanation.
Type  H <return>  for immediate help.
 ...                                              
                                                  
l.1 \section{–°—Ç–µ–ø–µ–Ω–Ω—ã–µ —Ä—è
                                    –¥—ã}
You may provide a definition with
\DeclareUnicodeCharacter 


./section_7.tex:1: Package inputenc Error: Unicode character –¥ (U+0434)
(inputenc)                not set up for use with LaTeX.

See the inputenc package documentation for explanation.
Type  H <return>  for immediate help.
 ...                                              
                                                  
l.1 \section{–°—Ç–µ–ø–µ–Ω–Ω—ã–µ —Ä—è–¥
                                      —ã}
You may provide a definition with
\DeclareUnicodeCharacter 


./section_7.tex:1: Package inputenc Error: Unicode character —ã (U+044B)
(inputenc)                not set up for use with LaTeX.

See the inputenc package documentation for explanation.
Type  H <return>  for immediate help.
 ...                                              
                                                  
l.1 \section{–°—Ç–µ–ø–µ–Ω–Ω—ã–µ —Ä—è–¥—ã
                                        }
You may provide a definition with
\DeclareUnicodeCharacter 


./section_7.tex:3: LaTeX Error: Environment definition undefined.

See the LaTeX manual or LaTeX Companion for explanation.
Type  H <return>  for immediate help.
 ...                                              
                                                  
l.3 \begin{definition}
                      
Your command was ignored.
Type  I <command> <return>  to replace it with another command,
or  <return>  to continue without it.


./section_7.tex:4: LaTeX Error: Missing \begin{document}.

See the LaTeX manual or LaTeX Companion for explanation.
Type  H <return>  for immediate help.
 ...                                              
                                                  
l.4   \textit{–°—Ç–µ–ø–µ–Ω–Ω—ã–º —Ä—è–¥–æ–º}
                                             –Ω–∞–∑—ã–≤–∞–µ—Ç—Å—è —Ñ–æ—Ä–º–∞...
You're in trouble here.  Try typing  <return>  to proceed.
If that doesn't work, type  X <return>  to quit.


./section_7.tex:4: Package inputenc Error: Unicode character –° (U+0421)
(inputenc)                not set up for use with LaTeX.

See the inputenc package documentation for explanation.
Type  H <return>  for immediate help.
 ...                                              
                                                  
l.4   \textit{–°—Ç–µ–ø–µ–Ω–Ω—ã–º —Ä—è–¥–æ–º}
                                             –Ω–∞–∑—ã–≤–∞–µ—Ç—Å—è —Ñ–æ—Ä–º–∞...
You may provide a definition with
\DeclareUnicodeCharacter 


./section_7.tex:4: Package inputenc Error: Unicode character —Ç (U+0442)
(inputenc)                not set up for use with LaTeX.

See the inputenc package documentation for explanation.
Type  H <return>  for immediate help.
 ...                                              
                                                  
l.4   \textit{–°—Ç–µ–ø–µ–Ω–Ω—ã–º —Ä—è–¥–æ–º}
                                             –Ω–∞–∑—ã–≤–∞–µ—Ç—Å—è —Ñ–æ—Ä–º–∞...
You may provide a definition with
\DeclareUnicodeCharacter 


./section_7.tex:4: Package inputenc Error: Unicode character –µ (U+0435)
(inputenc)                not set up for use with LaTeX.

See the inputenc package documentation for explanation.
Type  H <return>  for immediate help.
 ...                                              
                                                  
l.4   \textit{–°—Ç–µ–ø–µ–Ω–Ω—ã–º —Ä—è–¥–æ–º}
                                             –Ω–∞–∑—ã–≤–∞–µ—Ç—Å—è —Ñ–æ—Ä–º–∞...
You may provide a definition with
\DeclareUnicodeCharacter 


./section_7.tex:4: Package inputenc Error: Unicode character –ø (U+043F)
(inputenc)                not set up for use with LaTeX.

See the inputenc package documentation for explanation.
Type  H <return>  for immediate help.
 ...                                              
                                                  
l.4   \textit{–°—Ç–µ–ø–µ–Ω–Ω—ã–º —Ä—è–¥–æ–º}
                                             –Ω–∞–∑—ã–≤–∞–µ—Ç—Å—è —Ñ–æ—Ä–º–∞...
You may provide a definition with
\DeclareUnicodeCharacter 


./section_7.tex:4: Package inputenc Error: Unicode character –µ (U+0435)
(inputenc)                not set up for use with LaTeX.

See the inputenc package documentation for explanation.
Type  H <return>  for immediate help.
 ...                                              
                                                  
l.4   \textit{–°—Ç–µ–ø–µ–Ω–Ω—ã–º —Ä—è–¥–æ–º}
                                             –Ω–∞–∑—ã–≤–∞–µ—Ç—Å—è —Ñ–æ—Ä–º–∞...
You may provide a definition with
\DeclareUnicodeCharacter 


./section_7.tex:4: Package inputenc Error: Unicode character –Ω (U+043D)
(inputenc)                not set up for use with LaTeX.

See the inputenc package documentation for explanation.
Type  H <return>  for immediate help.
 ...                                              
                                                  
l.4   \textit{–°—Ç–µ–ø–µ–Ω–Ω—ã–º —Ä—è–¥–æ–º}
                                             –Ω–∞–∑—ã–≤–∞–µ—Ç—Å—è —Ñ–æ—Ä–º–∞...
You may provide a definition with
\DeclareUnicodeCharacter 


./section_7.tex:4: Package inputenc Error: Unicode character –Ω (U+043D)
(inputenc)                not set up for use with LaTeX.

See the inputenc package documentation for explanation.
Type  H <return>  for immediate help.
 ...                                              
                                                  
l.4   \textit{–°—Ç–µ–ø–µ–Ω–Ω—ã–º —Ä—è–¥–æ–º}
                                             –Ω–∞–∑—ã–≤–∞–µ—Ç—Å—è —Ñ–æ—Ä–º–∞...
You may provide a definition with
\DeclareUnicodeCharacter 


./section_7.tex:4: Package inputenc Error: Unicode character —ã (U+044B)
(inputenc)                not set up for use with LaTeX.

See the inputenc package documentation for explanation.
Type  H <return>  for immediate help.
 ...                                              
                                                  
l.4   \textit{–°—Ç–µ–ø–µ–Ω–Ω—ã–º —Ä—è–¥–æ–º}
                                             –Ω–∞–∑—ã–≤–∞–µ—Ç—Å—è —Ñ–æ—Ä–º–∞...
You may provide a definition with
\DeclareUnicodeCharacter 


./section_7.tex:4: Package inputenc Error: Unicode character –º (U+043C)
(inputenc)                not set up for use with LaTeX.

See the inputenc package documentation for explanation.
Type  H <return>  for immediate help.
 ...                                              
                                                  
l.4   \textit{–°—Ç–µ–ø–µ–Ω–Ω—ã–º —Ä—è–¥–æ–º}
                                             –Ω–∞–∑—ã–≤–∞–µ—Ç—Å—è —Ñ–æ—Ä–º–∞...
You may provide a definition with
\DeclareUnicodeCharacter 


./section_7.tex:4: Package inputenc Error: Unicode character —Ä (U+0440)
(inputenc)                not set up for use with LaTeX.

See the inputenc package documentation for explanation.
Type  H <return>  for immediate help.
 ...                                              
                                                  
l.4   \textit{–°—Ç–µ–ø–µ–Ω–Ω—ã–º —Ä—è–¥–æ–º}
                                             –Ω–∞–∑—ã–≤–∞–µ—Ç—Å—è —Ñ–æ—Ä–º–∞...
You may provide a definition with
\DeclareUnicodeCharacter 


./section_7.tex:4: Package inputenc Error: Unicode character —è (U+044F)
(inputenc)                not set up for use with LaTeX.

See the inputenc package documentation for explanation.
Type  H <return>  for immediate help.
 ...                                              
                                                  
l.4   \textit{–°—Ç–µ–ø–µ–Ω–Ω—ã–º —Ä—è–¥–æ–º}
                                             –Ω–∞–∑—ã–≤–∞–µ—Ç—Å—è —Ñ–æ—Ä–º–∞...
You may provide a definition with
\DeclareUnicodeCharacter 


./section_7.tex:4: Package inputenc Error: Unicode character –¥ (U+0434)
(inputenc)                not set up for use with LaTeX.

See the inputenc package documentation for explanation.
Type  H <return>  for immediate help.
 ...                                              
                                                  
l.4   \textit{–°—Ç–µ–ø–µ–Ω–Ω—ã–º —Ä—è–¥–æ–º}
                                             –Ω–∞–∑—ã–≤–∞–µ—Ç—Å—è —Ñ–æ—Ä–º–∞...
You may provide a definition with
\DeclareUnicodeCharacter 


./section_7.tex:4: Package inputenc Error: Unicode character –æ (U+043E)
(inputenc)                not set up for use with LaTeX.

See the inputenc package documentation for explanation.
Type  H <return>  for immediate help.
 ...                                              
                                                  
l.4   \textit{–°—Ç–µ–ø–µ–Ω–Ω—ã–º —Ä—è–¥–æ–º}
                                             –Ω–∞–∑—ã–≤–∞–µ—Ç—Å—è —Ñ–æ—Ä–º–∞...
You may provide a definition with
\DeclareUnicodeCharacter 


./section_7.tex:4: Package inputenc Error: Unicode character –º (U+043C)
(inputenc)                not set up for use with LaTeX.

See the inputenc package documentation for explanation.
Type  H <return>  for immediate help.
 ...                                              
                                                  
l.4   \textit{–°—Ç–µ–ø–µ–Ω–Ω—ã–º —Ä—è–¥–æ–º}
                                             –Ω–∞–∑—ã–≤–∞–µ—Ç—Å—è —Ñ–æ—Ä–º–∞...
You may provide a definition with
\DeclareUnicodeCharacter 


./section_7.tex:4: Package inputenc Error: Unicode character –Ω (U+043D)
(inputenc)                not set up for use with LaTeX.

See the inputenc package documentation for explanation.
Type  H <return>  for immediate help.
 ...                                              
                                                  
l.4   \textit{–°—Ç–µ–ø–µ–Ω–Ω—ã–º —Ä—è–¥–æ–º} –Ω
                                               –∞–∑—ã–≤–∞–µ—Ç—Å—è —Ñ–æ—Ä–º–∞...
You may provide a definition with
\DeclareUnicodeCharacter 


./section_7.tex:4: Package inputenc Error: Unicode character –∞ (U+0430)
(inputenc)                not set up for use with LaTeX.

See the inputenc package documentation for explanation.
Type  H <return>  for immediate help.
 ...                                              
                                                  
l.4   \textit{–°—Ç–µ–ø–µ–Ω–Ω—ã–º —Ä—è–¥–æ–º} –Ω–∞
                                                 –∑—ã–≤–∞–µ—Ç—Å—è —Ñ–æ—Ä–º–∞...
You may provide a definition with
\DeclareUnicodeCharacter 


./section_7.tex:4: Package inputenc Error: Unicode character –∑ (U+0437)
(inputenc)                not set up for use with LaTeX.

See the inputenc package documentation for explanation.
Type  H <return>  for immediate help.
 ...                                              
                                                  
l.4 ...extit{–°—Ç–µ–ø–µ–Ω–Ω—ã–º —Ä—è–¥–æ–º} –Ω–∞–∑
                                                  —ã–≤–∞–µ—Ç—Å—è —Ñ–æ—Ä–º–∞–...
You may provide a definition with
\DeclareUnicodeCharacter 


./section_7.tex:4: Package inputenc Error: Unicode character —ã (U+044B)
(inputenc)                not set up for use with LaTeX.

See the inputenc package documentation for explanation.
Type  H <return>  for immediate help.
 ...                                              
                                                  
l.4 ...tit{–°—Ç–µ–ø–µ–Ω–Ω—ã–º —Ä—è–¥–æ–º} –Ω–∞–∑—ã
                                                  –≤–∞–µ—Ç—Å—è —Ñ–æ—Ä–º–∞–ª—...
You may provide a definition with
\DeclareUnicodeCharacter 


./section_7.tex:4: Package inputenc Error: Unicode character –≤ (U+0432)
(inputenc)                not set up for use with LaTeX.

See the inputenc package documentation for explanation.
Type  H <return>  for immediate help.
 ...                                              
                                                  
l.4 ...t{–°—Ç–µ–ø–µ–Ω–Ω—ã–º —Ä—è–¥–æ–º} –Ω–∞–∑—ã–≤
                                                  –∞–µ—Ç—Å—è —Ñ–æ—Ä–º–∞–ª—å–...
You may provide a definition with
\DeclareUnicodeCharacter 


./section_7.tex:4: Package inputenc Error: Unicode character –∞ (U+0430)
(inputenc)                not set up for use with LaTeX.

See the inputenc package documentation for explanation.
Type  H <return>  for immediate help.
 ...                                              
                                                  
l.4 ...–°—Ç–µ–ø–µ–Ω–Ω—ã–º —Ä—è–¥–æ–º} –Ω–∞–∑—ã–≤–∞
                                                  –µ—Ç—Å—è —Ñ–æ—Ä–º–∞–ª—å–Ω—...
You may provide a definition with
\DeclareUnicodeCharacter 


./section_7.tex:4: Package inputenc Error: Unicode character –µ (U+0435)
(inputenc)                not set up for use with LaTeX.

See the inputenc package documentation for explanation.
Type  H <return>  for immediate help.
 ...                                              
                                                  
l.4 ...—Ç–µ–ø–µ–Ω–Ω—ã–º —Ä—è–¥–æ–º} –Ω–∞–∑—ã–≤–∞–µ
                                                  —Ç—Å—è —Ñ–æ—Ä–º–∞–ª—å–Ω—ã–...
You may provide a definition with
\DeclareUnicodeCharacter 


./section_7.tex:4: Package inputenc Error: Unicode character —Ç (U+0442)
(inputenc)                not set up for use with LaTeX.

See the inputenc package documentation for explanation.
Type  H <return>  for immediate help.
 ...                                              
                                                  
l.4 ...–µ–ø–µ–Ω–Ω—ã–º —Ä—è–¥–æ–º} –Ω–∞–∑—ã–≤–∞–µ—Ç
                                                  —Å—è —Ñ–æ—Ä–º–∞–ª—å–Ω—ã–π ...
You may provide a definition with
\DeclareUnicodeCharacter 


./section_7.tex:4: Package inputenc Error: Unicode character —Å (U+0441)
(inputenc)                not set up for use with LaTeX.

See the inputenc package documentation for explanation.
Type  H <return>  for immediate help.
 ...                                              
                                                  
l.4 ...–ø–µ–Ω–Ω—ã–º —Ä—è–¥–æ–º} –Ω–∞–∑—ã–≤–∞–µ—Ç—Å
                                                  —è —Ñ–æ—Ä–º–∞–ª—å–Ω—ã–π —Ä...
You may provide a definition with
\DeclareUnicodeCharacter 


./section_7.tex:4: Package inputenc Error: Unicode character —è (U+044F)
(inputenc)                not set up for use with LaTeX.

See the inputenc package documentation for explanation.
Type  H <return>  for immediate help.
 ...                                              
                                                  
l.4 ...–µ–Ω–Ω—ã–º —Ä—è–¥–æ–º} –Ω–∞–∑—ã–≤–∞–µ—Ç—Å—è
                                                   —Ñ–æ—Ä–º–∞–ª—å–Ω—ã–π —Ä—è...
You may provide a definition with
\DeclareUnicodeCharacter 


./section_7.tex:4: Package inputenc Error: Unicode character —Ñ (U+0444)
(inputenc)                not set up for use with LaTeX.

See the inputenc package documentation for explanation.
Type  H <return>  for immediate help.
 ...                                              
                                                  
l.4 ...Ω–Ω—ã–º —Ä—è–¥–æ–º} –Ω–∞–∑—ã–≤–∞–µ—Ç—Å—è —Ñ
                                                  –æ—Ä–º–∞–ª—å–Ω—ã–π —Ä—è–¥ ...
You may provide a definition with
\DeclareUnicodeCharacter 


./section_7.tex:4: Package inputenc Error: Unicode character –æ (U+043E)
(inputenc)                not set up for use with LaTeX.

See the inputenc package documentation for explanation.
Type  H <return>  for immediate help.
 ...                                              
                                                  
l.4 ...Ω—ã–º —Ä—è–¥–æ–º} –Ω–∞–∑—ã–≤–∞–µ—Ç—Å—è —Ñ–æ
                                                  —Ä–º–∞–ª—å–Ω—ã–π —Ä—è–¥ –≤...
You may provide a definition with
\DeclareUnicodeCharacter 


./section_7.tex:4: Package inputenc Error: Unicode character —Ä (U+0440)
(inputenc)                not set up for use with LaTeX.

See the inputenc package documentation for explanation.
Type  H <return>  for immediate help.
 ...                                              
                                                  
l.4 ...ã–º —Ä—è–¥–æ–º} –Ω–∞–∑—ã–≤–∞–µ—Ç—Å—è —Ñ–æ—Ä
                                                  –º–∞–ª—å–Ω—ã–π —Ä—è–¥ –≤–∏...
You may provide a definition with
\DeclareUnicodeCharacter 


./section_7.tex:4: Package inputenc Error: Unicode character –º (U+043C)
(inputenc)                not set up for use with LaTeX.

See the inputenc package documentation for explanation.
Type  H <return>  for immediate help.
 ...                                              
                                                  
l.4 ...º —Ä—è–¥–æ–º} –Ω–∞–∑—ã–≤–∞–µ—Ç—Å—è —Ñ–æ—Ä–º
                                                  –∞–ª—å–Ω—ã–π —Ä—è–¥ –≤–∏–¥...
You may provide a definition with
\DeclareUnicodeCharacter 


./section_7.tex:4: Package inputenc Error: Unicode character –∞ (U+0430)
(inputenc)                not set up for use with LaTeX.

See the inputenc package documentation for explanation.
Type  H <return>  for immediate help.
 ...                                              
                                                  
l.4 ...—Ä—è–¥–æ–º} –Ω–∞–∑—ã–≤–∞–µ—Ç—Å—è —Ñ–æ—Ä–º–∞
                                                  –ª—å–Ω—ã–π —Ä—è–¥ –≤–∏–¥–∞...
You may provide a definition with
\DeclareUnicodeCharacter 


./section_7.tex:4: Package inputenc Error: Unicode character –ª (U+043B)
(inputenc)                not set up for use with LaTeX.

See the inputenc package documentation for explanation.
Type  H <return>  for immediate help.
 ...                                              
                                                  
l.4 ...—è–¥–æ–º} –Ω–∞–∑—ã–≤–∞–µ—Ç—Å—è —Ñ–æ—Ä–º–∞–ª
                                                  —å–Ω—ã–π —Ä—è–¥ –≤–∏–¥–∞ $...
You may provide a definition with
\DeclareUnicodeCharacter 


./section_7.tex:4: Package inputenc Error: Unicode character —å (U+044C)
(inputenc)                not set up for use with LaTeX.

See the inputenc package documentation for explanation.
Type  H <return>  for immediate help.
 ...                                              
                                                  
l.4 ...–¥–æ–º} –Ω–∞–∑—ã–≤–∞–µ—Ç—Å—è —Ñ–æ—Ä–º–∞–ª—å
                                                  –Ω—ã–π —Ä—è–¥ –≤–∏–¥–∞ $\d...
You may provide a definition with
\DeclareUnicodeCharacter 


./section_7.tex:4: Package inputenc Error: Unicode character –Ω (U+043D)
(inputenc)                not set up for use with LaTeX.

See the inputenc package documentation for explanation.
Type  H <return>  for immediate help.
 ...                                              
                                                  
l.4 ...–æ–º} –Ω–∞–∑—ã–≤–∞–µ—Ç—Å—è —Ñ–æ—Ä–º–∞–ª—å–Ω
                                                  —ã–π —Ä—è–¥ –≤–∏–¥–∞ $\dis...
You may provide a definition with
\DeclareUnicodeCharacter 


./section_7.tex:4: Package inputenc Error: Unicode character —ã (U+044B)
(inputenc)                not set up for use with LaTeX.

See the inputenc package documentation for explanation.
Type  H <return>  for immediate help.
 ...                                              
                                                  
l.4 ...–º} –Ω–∞–∑—ã–≤–∞–µ—Ç—Å—è —Ñ–æ—Ä–º–∞–ª—å–Ω—ã
                                                  –π —Ä—è–¥ –≤–∏–¥–∞ $\displ...
You may provide a definition with
\DeclareUnicodeCharacter 


./section_7.tex:4: Package inputenc Error: Unicode character –π (U+0439)
(inputenc)                not set up for use with LaTeX.

See the inputenc package documentation for explanation.
Type  H <return>  for immediate help.
 ...                                              
                                                  
l.4 ...} –Ω–∞–∑—ã–≤–∞–µ—Ç—Å—è —Ñ–æ—Ä–º–∞–ª—å–Ω—ã–π
                                                   —Ä—è–¥ –≤–∏–¥–∞ $\display...
You may provide a definition with
\DeclareUnicodeCharacter 


./section_7.tex:4: Package inputenc Error: Unicode character —Ä (U+0440)
(inputenc)                not set up for use with LaTeX.

See the inputenc package documentation for explanation.
Type  H <return>  for immediate help.
 ...                                              
                                                  
l.4 ...Ω–∞–∑—ã–≤–∞–µ—Ç—Å—è —Ñ–æ—Ä–º–∞–ª—å–Ω—ã–π —Ä
                                                  —è–¥ –≤–∏–¥–∞ $\displaystyle
You may provide a definition with
\DeclareUnicodeCharacter 


./section_7.tex:4: Package inputenc Error: Unicode character —è (U+044F)
(inputenc)                not set up for use with LaTeX.

See the inputenc package documentation for explanation.
Type  H <return>  for immediate help.
 ...                                              
                                                  
l.4 ...∞–∑—ã–≤–∞–µ—Ç—Å—è —Ñ–æ—Ä–º–∞–ª—å–Ω—ã–π —Ä—è
                                                  –¥ –≤–∏–¥–∞ $\displaystyle
You may provide a definition with
\DeclareUnicodeCharacter 


./section_7.tex:4: Package inputenc Error: Unicode character –¥ (U+0434)
(inputenc)                not set up for use with LaTeX.

See the inputenc package documentation for explanation.
Type  H <return>  for immediate help.
 ...                                              
                                                  
l.4 ...∑—ã–≤–∞–µ—Ç—Å—è —Ñ–æ—Ä–º–∞–ª—å–Ω—ã–π —Ä—è–¥
                                                   –≤–∏–¥–∞ $\displaystyle
You may provide a definition with
\DeclareUnicodeCharacter 


./section_7.tex:4: Package inputenc Error: Unicode character –≤ (U+0432)
(inputenc)                not set up for use with LaTeX.

See the inputenc package documentation for explanation.
Type  H <return>  for immediate help.
 ...                                              
                                                  
l.4 ...–≤–∞–µ—Ç—Å—è —Ñ–æ—Ä–º–∞–ª—å–Ω—ã–π —Ä—è–¥ –≤
                                                  –∏–¥–∞ $\displaystyle
You may provide a definition with
\DeclareUnicodeCharacter 


./section_7.tex:4: Package inputenc Error: Unicode character –∏ (U+0438)
(inputenc)                not set up for use with LaTeX.

See the inputenc package documentation for explanation.
Type  H <return>  for immediate help.
 ...                                              
                                                  
l.4 ...–∞–µ—Ç—Å—è —Ñ–æ—Ä–º–∞–ª—å–Ω—ã–π —Ä—è–¥ –≤–∏
                                                  –¥–∞ $\displaystyle
You may provide a definition with
\DeclareUnicodeCharacter 


./section_7.tex:4: Package inputenc Error: Unicode character –¥ (U+0434)
(inputenc)                not set up for use with LaTeX.

See the inputenc package documentation for explanation.
Type  H <return>  for immediate help.
 ...                                              
                                                  
l.4 ...–µ—Ç—Å—è —Ñ–æ—Ä–º–∞–ª—å–Ω—ã–π —Ä—è–¥ –≤–∏–¥
                                                  –∞ $\displaystyle
You may provide a definition with
\DeclareUnicodeCharacter 


./section_7.tex:4: Package inputenc Error: Unicode character –∞ (U+0430)
(inputenc)                not set up for use with LaTeX.

See the inputenc package documentation for explanation.
Type  H <return>  for immediate help.
 ...                                              
                                                  
l.4 ...—Ç—Å—è —Ñ–æ—Ä–º–∞–ª—å–Ω—ã–π —Ä—è–¥ –≤–∏–¥–∞
                                                   $\displaystyle
You may provide a definition with
\DeclareUnicodeCharacter 

LaTeX Font Info:    External font `cmex10' loaded for size
(Font)              <7> on input line 4.
LaTeX Font Info:    External font `cmex10' loaded for size
(Font)              <5> on input line 4.
Missing character: There is no , in font nullfont!

./section_7.tex:5: Package inputenc Error: Unicode character –≥ (U+0433)
(inputenc)                not set up for use with LaTeX.

See the inputenc package documentation for explanation.
Type  H <return>  for immediate help.
 ...                                              
                                                  
l.5   \sum{n = 1}^{+\infty}{a_n (z - z_0)^n}$, –≥
                                                 –¥–µ $z_0 \in \C$
You may provide a definition with
\DeclareUnicodeCharacter 


./section_7.tex:5: Package inputenc Error: Unicode character –¥ (U+0434)
(inputenc)                not set up for use with LaTeX.

See the inputenc package documentation for explanation.
Type  H <return>  for immediate help.
 ...                                              
                                                  
l.5 ...um{n = 1}^{+\infty}{a_n (z - z_0)^n}$, –≥–¥
                                                  –µ $z_0 \in \C$
You may provide a definition with
\DeclareUnicodeCharacter 


./section_7.tex:5: Package inputenc Error: Unicode character –µ (U+0435)
(inputenc)                not set up for use with LaTeX.

See the inputenc package documentation for explanation.
Type  H <return>  for immediate help.
 ...                                              
                                                  
l.5 ...{n = 1}^{+\infty}{a_n (z - z_0)^n}$, –≥–¥–µ
                                                   $z_0 \in \C$
You may provide a definition with
\DeclareUnicodeCharacter 

./section_7.tex:5: Undefined control sequence.
l.5 ...nfty}{a_n (z - z_0)^n}$, –≥–¥–µ $z_0 \in \C
                                                  $
The control sequence at the end of the top line
of your error message was never \def'ed. If you have
misspelled it (e.g., `\hobx'), type `I' and the correct
spelling (e.g., `I\hbox'). Otherwise just continue,
and I'll forget about whatever was undefined.


./section_7.tex:6: LaTeX Error: \begin{document} ended by \end{definition}.

See the LaTeX manual or LaTeX Companion for explanation.
Type  H <return>  for immediate help.
 ...                                              
                                                  
l.6 \end{definition}
                    
Your command was ignored.
Type  I <command> <return>  to replace it with another command,
or  <return>  to continue without it.


Overfull \hbox (20.0pt too wide) in paragraph at lines 4--7
[]
 []


Overfull \hbox (105.45726pt too wide) in paragraph at lines 4--7
[] [][][]$
 []


Overfull \hbox (18.58102pt too wide) in paragraph at lines 4--7
\OML/cmm/m/it/10 z[] \OMS/cmsy/m/n/10 2$
 []

./section_7.tex:8: Undefined control sequence.
l.8 \section
            {–†—è–¥—ã —Ç–µ–π–ª–æ—Ä–∞}
The control sequence at the end of the top line
of your error message was never \def'ed. If you have
misspelled it (e.g., `\hobx'), type `I' and the correct
spelling (e.g., `I\hbox'). Otherwise just continue,
and I'll forget about whatever was undefined.


./section_7.tex:8: Package inputenc Error: Unicode character –† (U+0420)
(inputenc)                not set up for use with LaTeX.

See the inputenc package documentation for explanation.
Type  H <return>  for immediate help.
 ...                                              
                                                  
l.8 \section{–†
               —è–¥—ã —Ç–µ–π–ª–æ—Ä–∞}
You may provide a definition with
\DeclareUnicodeCharacter 


./section_7.tex:8: Package inputenc Error: Unicode character —è (U+044F)
(inputenc)                not set up for use with LaTeX.

See the inputenc package documentation for explanation.
Type  H <return>  for immediate help.
 ...                                              
                                                  
l.8 \section{–†—è
                 –¥—ã —Ç–µ–π–ª–æ—Ä–∞}
You may provide a definition with
\DeclareUnicodeCharacter 


./section_7.tex:8: Package inputenc Error: Unicode character –¥ (U+0434)
(inputenc)                not set up for use with LaTeX.

See the inputenc package documentation for explanation.
Type  H <return>  for immediate help.
 ...                                              
                                                  
l.8 \section{–†—è–¥
                   —ã —Ç–µ–π–ª–æ—Ä–∞}
You may provide a definition with
\DeclareUnicodeCharacter 


./section_7.tex:8: Package inputenc Error: Unicode character —ã (U+044B)
(inputenc)                not set up for use with LaTeX.

See the inputenc package documentation for explanation.
Type  H <return>  for immediate help.
 ...                                              
                                                  
l.8 \section{–†—è–¥—ã
                      —Ç–µ–π–ª–æ—Ä–∞}
You may provide a definition with
\DeclareUnicodeCharacter 


./section_7.tex:8: Package inputenc Error: Unicode character —Ç (U+0442)
(inputenc)                not set up for use with LaTeX.

See the inputenc package documentation for explanation.
Type  H <return>  for immediate help.
 ...                                              
                                                  
l.8 \section{–†—è–¥—ã —Ç
                        –µ–π–ª–æ—Ä–∞}
You may provide a definition with
\DeclareUnicodeCharacter 


./section_7.tex:8: Package inputenc Error: Unicode character –µ (U+0435)
(inputenc)                not set up for use with LaTeX.

See the inputenc package documentation for explanation.
Type  H <return>  for immediate help.
 ...                                              
                                                  
l.8 \section{–†—è–¥—ã —Ç–µ
                          –π–ª–æ—Ä–∞}
You may provide a definition with
\DeclareUnicodeCharacter 


./section_7.tex:8: Package inputenc Error: Unicode character –π (U+0439)
(inputenc)                not set up for use with LaTeX.

See the inputenc package documentation for explanation.
Type  H <return>  for immediate help.
 ...                                              
                                                  
l.8 \section{–†—è–¥—ã —Ç–µ–π
                            –ª–æ—Ä–∞}
You may provide a definition with
\DeclareUnicodeCharacter 


./section_7.tex:8: Package inputenc Error: Unicode character –ª (U+043B)
(inputenc)                not set up for use with LaTeX.

See the inputenc package documentation for explanation.
Type  H <return>  for immediate help.
 ...                                              
                                                  
l.8 \section{–†—è–¥—ã —Ç–µ–π–ª
                              –æ—Ä–∞}
You may provide a definition with
\DeclareUnicodeCharacter 


./section_7.tex:8: Package inputenc Error: Unicode character –æ (U+043E)
(inputenc)                not set up for use with LaTeX.

See the inputenc package documentation for explanation.
Type  H <return>  for immediate help.
 ...                                              
                                                  
l.8 \section{–†—è–¥—ã —Ç–µ–π–ª–æ
                                —Ä–∞}
You may provide a definition with
\DeclareUnicodeCharacter 


./section_7.tex:8: Package inputenc Error: Unicode character —Ä (U+0440)
(inputenc)                not set up for use with LaTeX.

See the inputenc package documentation for explanation.
Type  H <return>  for immediate help.
 ...                                              
                                                  
l.8 \section{–†—è–¥—ã —Ç–µ–π–ª–æ—Ä
                                  –∞}
You may provide a definition with
\DeclareUnicodeCharacter 


./section_7.tex:8: Package inputenc Error: Unicode character –∞ (U+0430)
(inputenc)                not set up for use with LaTeX.

See the inputenc package documentation for explanation.
Type  H <return>  for immediate help.
 ...                                              
                                                  
l.8 \section{–†—è–¥—ã —Ç–µ–π–ª–æ—Ä–∞
                                    }
You may provide a definition with
\DeclareUnicodeCharacter 

./section_7.tex:10: Undefined control sequence.
l.10 \section
             {–°—É–º–º–∏—Ä–æ–≤–∞–Ω–∏–µ –ø–æ –ß–µ–∑–∞—Ä–æ}
The control sequence at the end of the top line
of your error message was never \def'ed. If you have
misspelled it (e.g., `\hobx'), type `I' and the correct
spelling (e.g., `I\hbox'). Otherwise just continue,
and I'll forget about whatever was undefined.


./section_7.tex:10: Package inputenc Error: Unicode character –° (U+0421)
(inputenc)                not set up for use with LaTeX.

See the inputenc package documentation for explanation.
Type  H <return>  for immediate help.
 ...                                              
                                                  
l.10 \section{–°
                —É–º–º–∏—Ä–æ–≤–∞–Ω–∏–µ –ø–æ –ß–µ–∑–∞—Ä–æ}
You may provide a definition with
\DeclareUnicodeCharacter 


./section_7.tex:10: Package inputenc Error: Unicode character —É (U+0443)
(inputenc)                not set up for use with LaTeX.

See the inputenc package documentation for explanation.
Type  H <return>  for immediate help.
 ...                                              
                                                  
l.10 \section{–°—É
                  –º–º–∏—Ä–æ–≤–∞–Ω–∏–µ –ø–æ –ß–µ–∑–∞—Ä–æ}
You may provide a definition with
\DeclareUnicodeCharacter 


./section_7.tex:10: Package inputenc Error: Unicode character –º (U+043C)
(inputenc)                not set up for use with LaTeX.

See the inputenc package documentation for explanation.
Type  H <return>  for immediate help.
 ...                                              
                                                  
l.10 \section{–°—É–º
                    –º–∏—Ä–æ–≤–∞–Ω–∏–µ –ø–æ –ß–µ–∑–∞—Ä–æ}
You may provide a definition with
\DeclareUnicodeCharacter 


./section_7.tex:10: Package inputenc Error: Unicode character –º (U+043C)
(inputenc)                not set up for use with LaTeX.

See the inputenc package documentation for explanation.
Type  H <return>  for immediate help.
 ...                                              
                                                  
l.10 \section{–°—É–º–º
                      –∏—Ä–æ–≤–∞–Ω–∏–µ –ø–æ –ß–µ–∑–∞—Ä–æ}
You may provide a definition with
\DeclareUnicodeCharacter 


./section_7.tex:10: Package inputenc Error: Unicode character –∏ (U+0438)
(inputenc)                not set up for use with LaTeX.

See the inputenc package documentation for explanation.
Type  H <return>  for immediate help.
 ...                                              
                                                  
l.10 \section{–°—É–º–º–∏
                        —Ä–æ–≤–∞–Ω–∏–µ –ø–æ –ß–µ–∑–∞—Ä–æ}
You may provide a definition with
\DeclareUnicodeCharacter 


./section_7.tex:10: Package inputenc Error: Unicode character —Ä (U+0440)
(inputenc)                not set up for use with LaTeX.

See the inputenc package documentation for explanation.
Type  H <return>  for immediate help.
 ...                                              
                                                  
l.10 \section{–°—É–º–º–∏—Ä
                          –æ–≤–∞–Ω–∏–µ –ø–æ –ß–µ–∑–∞—Ä–æ}
You may provide a definition with
\DeclareUnicodeCharacter 


./section_7.tex:10: Package inputenc Error: Unicode character –æ (U+043E)
(inputenc)                not set up for use with LaTeX.

See the inputenc package documentation for explanation.
Type  H <return>  for immediate help.
 ...                                              
                                                  
l.10 \section{–°—É–º–º–∏—Ä–æ
                            –≤–∞–Ω–∏–µ –ø–æ –ß–µ–∑–∞—Ä–æ}
You may provide a definition with
\DeclareUnicodeCharacter 


./section_7.tex:10: Package inputenc Error: Unicode character –≤ (U+0432)
(inputenc)                not set up for use with LaTeX.

See the inputenc package documentation for explanation.
Type  H <return>  for immediate help.
 ...                                              
                                                  
l.10 \section{–°—É–º–º–∏—Ä–æ–≤
                              –∞–Ω–∏–µ –ø–æ –ß–µ–∑–∞—Ä–æ}
You may provide a definition with
\DeclareUnicodeCharacter 


./section_7.tex:10: Package inputenc Error: Unicode character –∞ (U+0430)
(inputenc)                not set up for use with LaTeX.

See the inputenc package documentation for explanation.
Type  H <return>  for immediate help.
 ...                                              
                                                  
l.10 \section{–°—É–º–º–∏—Ä–æ–≤–∞
                                –Ω–∏–µ –ø–æ –ß–µ–∑–∞—Ä–æ}
You may provide a definition with
\DeclareUnicodeCharacter 


./section_7.tex:10: Package inputenc Error: Unicode character –Ω (U+043D)
(inputenc)                not set up for use with LaTeX.

See the inputenc package documentation for explanation.
Type  H <return>  for immediate help.
 ...                                              
                                                  
l.10 \section{–°—É–º–º–∏—Ä–æ–≤–∞–Ω
                                  –∏–µ –ø–æ –ß–µ–∑–∞—Ä–æ}
You may provide a definition with
\DeclareUnicodeCharacter 


./section_7.tex:10: Package inputenc Error: Unicode character –∏ (U+0438)
(inputenc)                not set up for use with LaTeX.

See the inputenc package documentation for explanation.
Type  H <return>  for immediate help.
 ...                                              
                                                  
l.10 \section{–°—É–º–º–∏—Ä–æ–≤–∞–Ω–∏
                                    –µ –ø–æ –ß–µ–∑–∞—Ä–æ}
You may provide a definition with
\DeclareUnicodeCharacter 


./section_7.tex:10: Package inputenc Error: Unicode character –µ (U+0435)
(inputenc)                not set up for use with LaTeX.

See the inputenc package documentation for explanation.
Type  H <return>  for immediate help.
 ...                                              
                                                  
l.10 \section{–°—É–º–º–∏—Ä–æ–≤–∞–Ω–∏–µ
                                       –ø–æ –ß–µ–∑–∞—Ä–æ}
You may provide a definition with
\DeclareUnicodeCharacter 


./section_7.tex:10: Package inputenc Error: Unicode character –ø (U+043F)
(inputenc)                not set up for use with LaTeX.

See the inputenc package documentation for explanation.
Type  H <return>  for immediate help.
 ...                                              
                                                  
l.10 \section{–°—É–º–º–∏—Ä–æ–≤–∞–Ω–∏–µ –ø
                                         –æ –ß–µ–∑–∞—Ä–æ}
You may provide a definition with
\DeclareUnicodeCharacter 


./section_7.tex:10: Package inputenc Error: Unicode character –æ (U+043E)
(inputenc)                not set up for use with LaTeX.

See the inputenc package documentation for explanation.
Type  H <return>  for immediate help.
 ...                                              
                                                  
l.10 \section{–°—É–º–º–∏—Ä–æ–≤–∞–Ω–∏–µ –ø–æ
                                            –ß–µ–∑–∞—Ä–æ}
You may provide a definition with
\DeclareUnicodeCharacter 


./section_7.tex:10: Package inputenc Error: Unicode character –ß (U+0427)
(inputenc)                not set up for use with LaTeX.

See the inputenc package documentation for explanation.
Type  H <return>  for immediate help.
 ...                                              
                                                  
l.10 \section{–°—É–º–º–∏—Ä–æ–≤–∞–Ω–∏–µ –ø–æ –ß
                                              –µ–∑–∞—Ä–æ}
You may provide a definition with
\DeclareUnicodeCharacter 


./section_7.tex:10: Package inputenc Error: Unicode character –µ (U+0435)
(inputenc)                not set up for use with LaTeX.

See the inputenc package documentation for explanation.
Type  H <return>  for immediate help.
 ...                                              
                                                  
l.10 \section{–°—É–º–º–∏—Ä–æ–≤–∞–Ω–∏–µ –ø–æ –ß–µ
                                                –∑–∞—Ä–æ}
You may provide a definition with
\DeclareUnicodeCharacter 


./section_7.tex:10: Package inputenc Error: Unicode character –∑ (U+0437)
(inputenc)                not set up for use with LaTeX.

See the inputenc package documentation for explanation.
Type  H <return>  for immediate help.
 ...                                              
                                                  
l.10 \section{–°—É–º–º–∏—Ä–æ–≤–∞–Ω–∏–µ –ø–æ –ß–µ–∑
                                                  –∞—Ä–æ}
You may provide a definition with
\DeclareUnicodeCharacter 


./section_7.tex:10: Package inputenc Error: Unicode character –∞ (U+0430)
(inputenc)                not set up for use with LaTeX.

See the inputenc package documentation for explanation.
Type  H <return>  for immediate help.
 ...                                              
                                                  
l.10 ...ion{–°—É–º–º–∏—Ä–æ–≤–∞–Ω–∏–µ –ø–æ –ß–µ–∑–∞
                                                  —Ä–æ}
You may provide a definition with
\DeclareUnicodeCharacter 


./section_7.tex:10: Package inputenc Error: Unicode character —Ä (U+0440)
(inputenc)                not set up for use with LaTeX.

See the inputenc package documentation for explanation.
Type  H <return>  for immediate help.
 ...                                              
                                                  
l.10 ...n{–°—É–º–º–∏—Ä–æ–≤–∞–Ω–∏–µ –ø–æ –ß–µ–∑–∞—Ä
                                                  –æ}
You may provide a definition with
\DeclareUnicodeCharacter 


./section_7.tex:10: Package inputenc Error: Unicode character –æ (U+043E)
(inputenc)                not set up for use with LaTeX.

See the inputenc package documentation for explanation.
Type  H <return>  for immediate help.
 ...                                              
                                                  
l.10 ...–°—É–º–º–∏—Ä–æ–≤–∞–Ω–∏–µ –ø–æ –ß–µ–∑–∞—Ä–æ
                                                  }
You may provide a definition with
\DeclareUnicodeCharacter 

)
! Emergency stop.
<*> section_7.tex
                 
*** (job aborted, no legal \end found)

 
Here is how much of TeX's memory you used:
 35 strings out of 492609
 328 string characters out of 6131461
 57747 words of memory out of 5000000
 4055 multiletter control sequences out of 15000+600000
 3986 words of font info for 15 fonts, out of 8000000 for 9000
 1141 hyphenation exceptions out of 8191
 18i,2n,12p,145b,88s stack positions out of 5000i,500n,10000p,200000b,80000s
!  ==> Fatal error occurred, no output PDF file produced!
